MPASM 5.63  /HOME/BEN/DOCUMENTS/BREADBOARDIN   12-17-2015  16:56:05         PAGE  1


LOC  OBJECT CODE     LINE SOURCE TEXT
  VALUE

                      00001 #include <p16f883.inc>
                      00001         LIST
                      00002 
                      00003 ;==========================================================================
                      00004 ; Build date : Aug 13 2015
                      00005 ;  MPASM PIC16F883 processor include
                      00006 ; 
                      00007 ;  (c) Copyright 1999-2015 Microchip Technology, All rights reserved
                      00008 ;==========================================================================
                      00009 
                      00781         LIST
2007   20C4           00002         __CONFIG        _CONFIG1, _LVP_OFF & _FCMEN_OFF & _IESO_OFF & _BOR_OFF & _CPD_OFF & _CP_OFF & _M
                            CLRE_OFF & _PWRTE_ON & _WDT_OFF & _INTRC_OSC_NOCLKOUT
2008   3EFF           00003         __CONFIG        _CONFIG2, _WRT_OFF & _BOR21V
                      00004 
                      00005 #define SS      RA5
                      00006 #define SCK     RC3
                      00007 #define SDI     RC4
                      00008 #define SDO     RC5
                      00009 #define LEFT    RB4
                      00010 #define UP      RB1
                      00011 #define DOWN    RB5
                      00012 #define RIGHT   RB7
                      00013 #define START   RB6
                      00014 #define STOP    RB0
                      00015 #define GRN_LED RB3
                      00016 #define RED_LED RB3
                      00017 #define ALARM   RA4
                      00018 #define HEAT    RA3
                      00019 #define T_REF   RA0
                      00020 #define A_REF   0       ; The analog input channel corresponding to pin T_REF
                      00021 #define T_K     RA1
                      00022 #define A_K     1       ; The analog input channel corresponding to pin T_K
                      00023 #define V_REF_MINUS     RA2     ; the negative reference voltage for Kn-
                      00024 #define A_REF_MINUS     2       ; the analog input channel corresponding to Vref-
                      00025 #define MOTOR_ON        RC0
                      00026 #define WINDING1        RC2
                      00027 #define WINDING2        RC1
                      00028 
                      00029 #define STATIC_VARIABLES        0x20
                      00030 #define MAX_ARRAY_SIZE  .8      ; 96 bytes are available in banks 2 and 3
                      00031 #define TIME_ARRAY      0x110
                      00032 #define TEMP_ARRAY      0x190
                      00033 
                      00034 #define UINT16_T        2
                      00035 
                      00036 #define TT_BOOLEAN      0
                      00037 #define START_BOOLEAN   1
                      00038 
                      00039 #define FOSK_SELECT             B'111'  ; 111 for Fosc = 8 MHz
                      00040 #define ADC_CLOCK_SELECT        B'10'   ; 10 for Fosc/32
                      00041 #define TIMER0_PRESCALAR        B'110'  ; 110 for 1:128, or Fosc/(4 * 128)
                      00042 #define HALF_BRIDGE_PERIOD      .100
MPASM 5.63  /HOME/BEN/DOCUMENTS/BREADBOARDIN   12-17-2015  16:56:05         PAGE  2


LOC  OBJECT CODE     LINE SOURCE TEXT
  VALUE

                      00043 
                      00044 
                      00045 #define TMR0_PERIOD     .125    ; 125 selected for 2kHz piezo
                      00046 #define TIME_COUNTER_SET_VALUE  .25
                      00047 #define LED_INTENSITY   .8      ; Light Intensity from 0-15
                      00048 
                      00049 ; Digits 0-9 have lookup indices 0-9, but :, deg, and C
                      00050 #define SEMICOLON       .10     
                      00051 #define DEGREE_SIGN     .11
                      00052 #define CELSIUS .12
                      00053 #define ALL_OFF .13
                      00054 
                      00055         cblock  0x20
  00000020            00056                 t0
  00000021            00057                 T0
  00000022            00058                 t1
  00000023            00059                 T1
  00000024            00060                 t2
  00000025            00061                 T2
  00000026            00062                 t3
  00000027            00063                 T3
  00000028            00064                 t4
  00000029            00065                 T4
  0000002A            00066                 t5
  0000002B            00067                 T5
  0000002C            00068                 t6
  0000002D            00069                 T6
  0000002E            00070                 t7
  0000002F            00071                 T7
  00000030            00072                 data_index
  00000031            00073                 time: UINT16_T
  00000033            00074                 Temp
  00000034            00075                 booleans_reg
  00000035            00076                 time_counter_L
  00000036            00077                 time_counter_H
  00000037            00078                 datapoint
  00000038            00079                 POSITION_RAM
  00000039            00080                 POSITION_EE
  0000003A            00081                 LastTime
  0000003B            00082                 SPI_tx1 ; first byte to be transfered out by SPI
  0000003C            00083                 SPI_tx2 ; second byte to be transfered out by SPI
                      00084                 ; LED Display Function Variables
  0000003D            00085                 seconds: UINT16_T
  0000003F            00086                 minutes
  00000040            00087                 dig1
  00000041            00088                 dig2
  00000042            00089                 dig3
  00000043            00090                 dig4
  00000044            00091                 digSpecial
  00000045            00092                 delay1
  00000046            00093                 delay2
  00000047            00094                 delay3
  00000048            00095                 temp
MPASM 5.63  /HOME/BEN/DOCUMENTS/BREADBOARDIN   12-17-2015  16:56:05         PAGE  3


LOC  OBJECT CODE     LINE SOURCE TEXT
  VALUE

                      00096         endc
                      00097 
0000                  00098         ORG     0x0
0000                  00099 Reset_Vector
0000   28EB           00100         GOTO    Initialize_IO
                      00101 
0001                  00102 Interupt_Vector
0004                  00103         ORG     0x4
0004   1283 1303      00104         BANKSEL 0
0006   0185           00105         CLRF    PORTA   ; shut down all potential output signals
0007   0186           00106         CLRF    PORTB   ; (i.e. shut down the relay)
0008   0187           00107         CLRF    PORTC
0009   10B4           00108         BCF     booleans_reg, START_BOOLEAN
000A   1B06           00109         BTFSC   PORTB, START
000B   14B4           00110         BSF     booleans_reg, START_BOOLEAN
000C   28EB           00111         GOTO    Initialize_IO   ; reinitialize program state/memory
                      00112 
                      00113 ;________________________Function Definitions_______________________;
                      00114 
                      00115 ; W LED_lookup_table (W); // warning: undefined behavior if W > 13
0010                  00116         ORG     0x10
0010                  00117 LED_Lookup_Table
                      00118         ; MUST MAKE SURE THE TABLE WILL NOT CROSS A 256 BYTE BOUNDARY!
0010   0782           00119         ADDWF   PCL, F
0011   347E           00120         RETLW   B'01111110'     ; 0
0012   3430           00121         RETLW   B'00110000'     ; 1
0013   346D           00122         RETLW   B'01101101'     ; 2
0014   3479           00123         RETLW   B'01111001'     ; 3
0015   3433           00124         RETLW   B'00110011'     ; 4
0016   345B           00125         RETLW   B'01011011'     ; 5
0017   345F           00126         RETLW   B'01011111'     ; 6
0018   3470           00127         RETLW   B'01110000'     ; 7
0019   347F           00128         RETLW   B'01111111'     ; 8
001A   3473           00129         RETLW   B'01110011'     ; 9
001B   3460           00130         RETLW   B'01100000'     ; semicolon for clock
001C   3410           00131         RETLW   B'00010000'     ; degree sign for temperature
001D   344E           00132         RETLW   B'01001110'     ; C for celsius
001E   3400           00133         RETLW   B'00000000'     ; All off
                      00134 
                      00135 ; void CLRF_X (uintX_t *addr);
                      00136 CLRF_X  MACRO   Addr, Addr_Size
                      00137         local   i = 0
                      00138         while   i < Addr_Size
                      00139           CLRF  (Addr + i)
                      00140         i = i + 1
                      00141         endw
                      00142         ENDM
                      00143 
                      00144 ; void COPY_X (uintX_t *source, uintX_t *destination);
                      00145 COPY_X  MACRO   src, dest, size
                      00146         local   i = 0
                      00147         while   i < size
                      00148           MOVF  (src + i), W
MPASM 5.63  /HOME/BEN/DOCUMENTS/BREADBOARDIN   12-17-2015  16:56:05         PAGE  4


LOC  OBJECT CODE     LINE SOURCE TEXT
  VALUE

                      00149           MOVWF (dest + i)
                      00150           i = i + 1
                      00151         endw
                      00152         ENDM
                      00153 
                      00154 ; void SUBWF_X (uintX_t *addr, uint8_t W);
                      00155 SUBWF_X MACRO   Addr, Addr_Size
                      00156         ; Declare a unique "break" label for each instantiation of SUBWF_X
                      00157         ; and a local variable for expanding Addr_Size times
                      00158         local   Break, i
                      00159         variable        i = 0
                      00160         while   i < Addr_Size
                      00161           SUBWF (Addr + i), F
                      00162           BTFSC STATUS, C
                      00163           GOTO  Break
                      00164           MOVLW 1
                      00165           i = i + 1     
                      00166         endw
                      00167 Break
                      00168         ENDM
                      00169 
                      00170 ; void Update_LED_Display (uint16_t time, uint8_t Temp, uint8_t *tT_boolean);
001F                  00171 Update_LED_Display
001F   01C0           00172         CLRF    dig1
0020   01C1           00173         CLRF    dig2
0021   01C2           00174         CLRF    dig3
0022   01C3           00175         CLRF    dig4    
0023   1283 1303      00176         BANKSEL STATIC_VARIABLES
0025   1834           00177         BTFSC   booleans_reg, TT_BOOLEAN
0026   2852           00178         GOTO    Binary_to_Decimal_for_Temp
0027                  00179 Seconds_to_Minutes_for_Time
0027   01BF           00180         CLRF    minutes
                      00181         COPY_X  time, seconds, UINT16_T
  0000                    M         local   i = 0
                          M         while   i < 2
0028   0831               M           MOVF  (time + i), W
0029   00BD               M           MOVWF (seconds + i)
  00000001                M           i = i + 1
002A   0832               M           MOVF  (time + i), W
002B   00BE               M           MOVWF (seconds + i)
  00000002                M           i = i + 1
                          M         endw
002C                  00182 Divide_by_60_Loop
002C   303C           00183         MOVLW   .60
                      00184         SUBWF_X seconds, UINT16_T
                          M         ; Declare a unique "break" label for each instantiation of SUBWF_X
                          M         ; and a local variable for expanding Addr_Size times
  0000                    M         local   Break, i
  0000                    M         variable        i = 0
                          M         while   i < 2
002D   02BD               M           SUBWF (seconds + i), F
002E   1803               M           BTFSC STATUS, C
002F   2835               M           GOTO  Break
MPASM 5.63  /HOME/BEN/DOCUMENTS/BREADBOARDIN   12-17-2015  16:56:05         PAGE  5


LOC  OBJECT CODE     LINE SOURCE TEXT
  VALUE

0030   3001               M           MOVLW 1
  00000001                M           i = i + 1     
0031   02BE               M           SUBWF (seconds + i), F
0032   1803               M           BTFSC STATUS, C
0033   2835               M           GOTO  Break
0034   3001               M           MOVLW 1
  00000002                M           i = i + 1     
                          M         endw
0035                      M Break
0035   1803           00185         BTFSC   STATUS, C
0036   0ABF           00186         INCF    minutes, F
0037   1803           00187         BTFSC   STATUS, C
0038   282C           00188         GOTO    Divide_by_60_Loop
0039   303C           00189         MOVLW   .60
003A   07BD           00190         ADDWF   seconds, F
003B                  00191 Binary_to_Decimal_for_Seconds
003B   300A           00192         MOVLW   .10
003C   02BD           00193         SUBWF   seconds, F
003D   1803           00194         BTFSC   STATUS, C
003E   0AC1           00195         INCF    dig2, F
003F   1803           00196         BTFSC   STATUS, C
0040   283B           00197         GOTO    Binary_to_Decimal_for_Seconds
0041   300A           00198         MOVLW   .10
0042   07BD           00199         ADDWF   seconds, F
0043                  00200 Binary_to_Decimal_for_Minutes
0043   300A           00201         MOVLW   .10
0044   02BF           00202         SUBWF   minutes, F
0045   1803           00203         BTFSC   STATUS, C
0046   0AC3           00204         INCF    dig4, F
0047   1803           00205         BTFSC   STATUS, C
0048   2843           00206         GOTO    Binary_to_Decimal_for_Minutes
0049   300A           00207         MOVLW   .10
004A   07BF           00208         ADDWF   minutes, F
004B                  00209 Prepare_to_Display_Time
004B   083D           00210         MOVF    seconds, W
004C   00C0           00211         MOVWF   dig1
004D   083F           00212         MOVF    minutes, W
004E   00C2           00213         MOVWF   dig3
004F   300A           00214         MOVLW   SEMICOLON
0050   00C4           00215         MOVWF   digSpecial
0051   2869           00216         GOTO    Update_5_Digits
0052                  00217 Binary_to_Decimal_for_Temp
0052   0833           00218         MOVF    Temp, W
0053   00C1           00219         MOVWF   dig2
0054   3002           00220         MOVLW   .2
0055   00C2           00221         MOVWF   dig3    ; add 20, because Temp=0 represents T=20deg
0056                  00222 Subtract_Division_Loop
0056   300A           00223         MOVLW   .10             
0057   02C1           00224         SUBWF   dig2, F ; subtract 10 from dividend
0058   1C03           00225         BTFSS   STATUS, C       ; did an underflow occur?
0059   2863           00226         GOTO    Remainder_Restoration   ; if so, then division loop is complete
005A   0AC2           00227         INCF    dig3, F ; increment 10s digit
005B   1DC2           00228         BTFSS   dig3, 3 ; test if 10s has carry over (test 8 digit)
MPASM 5.63  /HOME/BEN/DOCUMENTS/BREADBOARDIN   12-17-2015  16:56:05         PAGE  6


LOC  OBJECT CODE     LINE SOURCE TEXT
  VALUE

005C   2856           00229         GOTO    Subtract_Division_Loop
005D   1CC2           00230         BTFSS   dig3, 1 ; (test 2 digit; 8+2 = 10)
005E   2856           00231         GOTO    Subtract_Division_Loop
005F   300A           00232         MOVLW   .10
0060   02C2           00233         SUBWF   dig3, F ; subtract 10 from the 10s digit
0061   0AC3           00234         INCF    dig4, F ; increment the 100s digit from 10s carry over
0062   2856           00235         GOTO    Subtract_Division_Loop
0063                  00236 Remainder_Restoration
0063   300A           00237         MOVLW   .10
0064   07C1           00238         ADDWF   dig2, F
0065                  00239 Prepare_to_Display_Temp
0065   300B           00240         MOVLW   DEGREE_SIGN
0066   00C4           00241         MOVWF   digSpecial
0067   300C           00242         MOVLW   CELSIUS
0068   00C0           00243         MOVWF   dig1
0069                  00244 Update_5_Digits
0069   3005           00245         MOVLW   0x5     ; MAX7219 digit 0 address for degree sign
006A   00BB           00246         MOVWF   SPI_tx1
006B   0844           00247         MOVF    digSpecial, W
006C   2010           00248         CALL    LED_Lookup_Table        ; lookup A-DP code for semicolon
006D   00BC           00249         MOVWF   SPI_tx2
006E   2096           00250         CALL    SPI_2byte_Transfer
006F   3001           00251         MOVLW   0x1     ; MAX7219 digit 1 address for leftmost display digit
0070   00BB           00252         MOVWF   SPI_tx1
0071   0843           00253         MOVF    dig4, W
0072   2010           00254         CALL    LED_Lookup_Table        ; lookup appropriate A-DP code
0073   00BC           00255         MOVWF   SPI_tx2
0074   2096           00256         CALL    SPI_2byte_Transfer
0075   3002           00257         MOVLW   0x2     ; MAX7219 digit 2 address for 2nd to left digit
0076   00BB           00258         MOVWF   SPI_tx1
0077   0842           00259         MOVF    dig3, W
0078   2010           00260         CALL    LED_Lookup_Table        ; lookup appropriate A-DP code
0079   00BC           00261         MOVWF   SPI_tx2
007A   2096           00262         CALL    SPI_2byte_Transfer      ; send data through SPI
007B   3003           00263         MOVLW   0x3     ; MAX7219 digit 3 address for 3rd to left digit
007C   00BB           00264         MOVWF   SPI_tx1
007D   0841           00265         MOVF    dig2, W
007E   2010           00266         CALL    LED_Lookup_Table        ; lookup appropriate A-DP code
007F   00BC           00267         MOVWF   SPI_tx2
0080   2096           00268         CALL    SPI_2byte_Transfer      ; send data through SPI
0081   3004           00269         MOVLW   0x4     ; MAX7219 digit 4 address for rightmost display digit
0082   00BB           00270         MOVWF   SPI_tx1
0083   0840           00271         MOVF    dig1, W
0084   2010           00272         CALL    LED_Lookup_Table        ; lookup appropriate A-DP code
0085   00BC           00273         MOVWF   SPI_tx2
0086   2096           00274         CALL    SPI_2byte_Transfer      ; send data through SPI
                      00275 
0087   0008           00276         RETURN
                      00277 
                      00278 ; Loads time and temperature datapoints into time_L and Temp variables
0088                  00279 Compatibility_Function
0088   1283 1303      00280         BANKSEL STATIC_VARIABLES
008A   0837           00281         MOVF    datapoint, W    ; get address of value to be displayed
MPASM 5.63  /HOME/BEN/DOCUMENTS/BREADBOARDIN   12-17-2015  16:56:05         PAGE  7


LOC  OBJECT CODE     LINE SOURCE TEXT
  VALUE

008B   0084           00282         MOVWF   FSR             ; get value
008C   0800           00283         MOVF    INDF, W         ; store value in W      
008D   00C8           00284         MOVWF   temp
008E   1C37           00285         BTFSS   datapoint, 0    ; test if datapoint is a time or Temp
008F   00B1           00286         MOVWF   time            ; if time, store in time_L
0090   1837           00287         BTFSC   datapoint, 0
0091   00B3           00288         MOVWF   Temp            ; if Temp, store in Temp
0092   1034           00289         BCF     booleans_reg, TT_BOOLEAN
0093   1837           00290         BTFSC   datapoint, 0
0094   1434           00291         BSF     booleans_reg, TT_BOOLEAN
0095   0008           00292         RETURN
                      00293  
                      00294 Waste_Time      MACRO   s1, s2, s3
                      00295         MOVLW   s1
                      00296         MOVWF   delay1
                      00297         MOVLW   s2
                      00298         MOVWF   delay2
                      00299         MOVLW   s3
                      00300         MOVWF   delay3
                      00301         DECFSZ  delay1, F
                      00302         GOTO    $-1
                      00303         DECFSZ  delay2, F
                      00304         GOTO    $-3
                      00305         DECFSZ  delay3, F
                      00306         GOTO    $-5
                      00307         ENDM
                      00308 
                      00309 ; void spi_2byte_transfer (SPI_tx1, SPI_tx2);
0096                  00310 SPI_2byte_Transfer
0096   1283 1303      00311         BANKSEL 0x0
0098   1285           00312         BCF     PORTA, SS       ; pull MAX7219 slave select active low
0099   083B           00313         MOVF    SPI_tx1, W      ; get the first byte to transmit
009A   0093           00314         MOVWF   SSPBUF          ; start transmission
009B   1683 1303      00315         BANKSEL SSPSTAT
009D   1C14           00316         BTFSS   SSPSTAT, BF     ; has data been received (transmit complete?)
009E   289D           00317         GOTO    $-1
009F   1283 1303      00318         BANKSEL STATIC_VARIABLES
00A1   083C           00319         MOVF    SPI_tx2, W
00A2   1283 1303      00320         BANKSEL SSPBUF
00A4   0093           00321         MOVWF   SSPBUF          ; start transmission
00A5   1683 1303      00322         BANKSEL SSPSTAT
00A7   1C14           00323         BTFSS   SSPSTAT, BF     ; wait for transmission completion
00A8   28A7           00324         GOTO    $-1
00A9   1283 1303      00325         BANKSEL 0x0             ; return to bank 0...
00AB   1685           00326         BSF     PORTA, SS       ; rising edge on MAX7219 LOAD/SS line
                      00327         Waste_Time      .16, .1, .1
00AC   3010               M         MOVLW   .16
00AD   00C5               M         MOVWF   delay1
00AE   3001               M         MOVLW   .1
00AF   00C6               M         MOVWF   delay2
00B0   3001               M         MOVLW   .1
00B1   00C7               M         MOVWF   delay3
00B2   0BC5               M         DECFSZ  delay1, F
MPASM 5.63  /HOME/BEN/DOCUMENTS/BREADBOARDIN   12-17-2015  16:56:05         PAGE  8


LOC  OBJECT CODE     LINE SOURCE TEXT
  VALUE

00B3   28B2               M         GOTO    $-1
00B4   0BC6               M         DECFSZ  delay2, F
00B5   28B2               M         GOTO    $-3
00B6   0BC7               M         DECFSZ  delay3, F
00B7   28B2               M         GOTO    $-5
00B8   0008           00328         RETURN
                      00329 
00B9                  00330 Initialize_MAX7219
                      00331         ; Leave Sleep Mode
00B9   300C           00332         MOVLW   0xC             ; MAX7219 shutdown address
00BA   00BB           00333         MOVWF   SPI_tx1
00BB   3001           00334         MOVLW   0x1             ; xxxx xxx1 for normal operation (xxxx xxx0 for shutdown)
00BC   00BC           00335         MOVWF   SPI_tx2
00BD   2096           00336         CALL    SPI_2byte_Transfer
                      00337         ; Leave Sleep Mode
00BE   300F           00338         MOVLW   0xF             ; MAX7219 display test address
00BF   00BB           00339         MOVWF   SPI_tx1
00C0   3000           00340         MOVLW   0x0             ; xxxx xxx0 for normal operation (xxxx xxx1 for test)
00C1   00BC           00341         MOVWF   SPI_tx2
00C2   2096           00342         CALL    SPI_2byte_Transfer
                      00343         ; Set scan limit to digits 0-4
00C3   300B           00344         MOVLW   0xB             ; MAX7219 scan limit address
00C4   00BB           00345         MOVWF   SPI_tx1
00C5   3004           00346         MOVLW   0x4             ; xxxx x100 for digits 0-4
00C6   00BC           00347         MOVWF   SPI_tx2
00C7   2096           00348         CALL    SPI_2byte_Transfer
                      00349         ; Set BCD Mode to No Decoding
00C8   3009           00350         MOVLW   0x9             ; MAX7219 shutdown address
00C9   00BB           00351         MOVWF   SPI_tx1
00CA   3000           00352         MOVLW   0x0             ; 0000 0000 for no decoding on any digit
00CB   00BC           00353         MOVWF   SPI_tx2
00CC   2096           00354         CALL    SPI_2byte_Transfer
                      00355         ; Set Intensity Level
00CD   300A           00356         MOVLW   0xA             ; MAX7219 intensity address
00CE   00BB           00357         MOVWF   SPI_tx1
00CF   3008           00358         MOVLW   LED_INTENSITY   ; the desired duty cycle, 0-15 are valid values
00D0   00BC           00359         MOVWF   SPI_tx2
00D1   2096           00360         CALL    SPI_2byte_Transfer
00D2   0008           00361         RETURN
                      00362 
                      00363 ; void Time_Counting_Loop (uint8_t *time_counter_L, uint8_t *time_counter_H);
00D3                  00364 Time_Counting_Loop
00D3   1D0B           00365         BTFSS   INTCON, T0IF    ; Test for Timer0 Overflow (note INTCON is in all banks)
00D4   28D3           00366         GOTO    $-1
00D5   110B           00367         BCF     INTCON, T0IF
00D6   1283 1303      00368         BANKSEL TMR0
00D8   3082           00369         MOVLW   (.255 - TMR0_PERIOD)    ; Reset TMR0
00D9   0081           00370         MOVWF   TMR0
                      00371         ; Toggle Alarm (note bank 0 for digital I/O and time_counter)
00DA   1283 1303      00372         BANKSEL 0x0
00DC   3010           00373         MOVLW   (1 << ALARM)
00DD   0685           00374         XORWF   PORTA, F
                      00375         ; Test for Timer1 period (timer1 is driving the fan)
MPASM 5.63  /HOME/BEN/DOCUMENTS/BREADBOARDIN   12-17-2015  16:56:05         PAGE  9


LOC  OBJECT CODE     LINE SOURCE TEXT
  VALUE

00DE   1283 1303      00376         BANKSEL TMR1H
00E0   3064           00377         MOVLW   HALF_BRIDGE_PERIOD
00E1   020F           00378         SUBWF   TMR1H, W
00E2   1803           00379         BTFSC   STATUS, C
00E3   018F           00380         CLRF    TMR1H
                      00381         ; Decrement (time_counter--) and for time_counter loops' completions
00E4   1283 1303      00382         BANKSEL STATIC_VARIABLES
00E6   0BB5           00383         DECFSZ  time_counter_L  ; Decrement (time_counter--)
00E7   28D3           00384         GOTO    Time_Counting_Loop
00E8   0BB6           00385         DECFSZ  time_counter_H
00E9   28D3           00386         GOTO    Time_Counting_Loop
00EA   0008           00387         RETURN
                      00388 
                      00389 ;________________________Begin Main Program_________________________;
                      00390 
00EB                  00391 Initialize_IO
00EB   1683 1303      00392         BANKSEL TRISA
00ED   301F           00393         MOVLW   (0<<SS) | (1<<T_REF)| (1<<T_K) | (1<<V_REF_MINUS) | (1<<HEAT) | (1<<ALARM)
00EE   0085           00394         MOVWF   TRISA
00EF   30F3           00395         MOVLW   (1<<STOP) | (1<<LEFT) | (1<<UP) | (1<<DOWN) | (1<<RIGHT) | (1<<START) | (0<<GRN_LED) | (
                            0<<RED_LED)
00F0   0086           00396         MOVWF   TRISB
00F1   3010           00397         MOVLW   (0<<SCK) | (1<<SDI) | (0<<SDO) | (0<<MOTOR_ON) | (0<<WINDING1) | (0<<WINDING2)
00F2   0087           00398         MOVWF   TRISC
00F3   1683 1303      00399         BANKSEL WPUB
00F5   30F3           00400         MOVLW   (1<<LEFT) | (1<<RIGHT) | (1<<UP) | (1<<DOWN) | (1<<START) | (1<<STOP)
00F6   0095           00401         MOVWF   WPUB    ; enable weak pullups for pushbutton inputs
00F7   1683 1303      00402         BANKSEL OPTION_REG
00F9   1381           00403         BCF     OPTION_REG, NOT_RBPU    ; enable global pullups
00FA   1683 1703      00404         BANKSEL ANSEL
00FC   3007           00405         MOVLW   (1<<A_REF) | (1<<A_K) | (1<<A_REF_MINUS)
00FD   0088           00406         MOVWF   ANSEL
00FE   1683 1703      00407         BANKSEL ANSELH
0100   0189           00408         CLRF    ANSELH
                      00409 
0101                  00410 Blink_Red_Once
0101   1283 1303      00411         BANKSEL PORTB
0103   1586           00412         BSF     PORTB, RED_LED
                      00413         Waste_Time      .256, .256, .4
0104   3000               M         MOVLW   .256
0105   00C5               M         MOVWF   delay1
0106   3000               M         MOVLW   .256
0107   00C6               M         MOVWF   delay2
0108   3004               M         MOVLW   .4
0109   00C7               M         MOVWF   delay3
010A   0BC5               M         DECFSZ  delay1, F
010B   290A               M         GOTO    $-1
010C   0BC6               M         DECFSZ  delay2, F
010D   290A               M         GOTO    $-3
010E   0BC7               M         DECFSZ  delay3, F
010F   290A               M         GOTO    $-5
0110   1186           00414         BCF     PORTB, RED_LED
                      00415         Waste_Time      .256, .256, .4
MPASM 5.63  /HOME/BEN/DOCUMENTS/BREADBOARDIN   12-17-2015  16:56:05         PAGE 10


LOC  OBJECT CODE     LINE SOURCE TEXT
  VALUE

0111   3000               M         MOVLW   .256
0112   00C5               M         MOVWF   delay1
0113   3000               M         MOVLW   .256
0114   00C6               M         MOVWF   delay2
0115   3004               M         MOVLW   .4
0116   00C7               M         MOVWF   delay3
0117   0BC5               M         DECFSZ  delay1, F
0118   2917               M         GOTO    $-1
0119   0BC6               M         DECFSZ  delay2, F
011A   2917               M         GOTO    $-3
011B   0BC7               M         DECFSZ  delay3, F
011C   2917               M         GOTO    $-5
                      00416  
011D                  00417 Initialize_System_Clock
011D   1683 1303      00418         BANKSEL OSCCON
011F   3071           00419         MOVLW   (FOSK_SELECT << IRCF0) | (0 << OSTS) | (1 << SCS)
                      00420         ; select the internal 8 MHz oscillator and set its prescalar
0120   008F           00421         MOVWF   OSCCON
                      00422         ; A start-up timer is built into the hardware so no delay is needed
                      00423 
0121                  00424 Initialize_ADC
0121   1683 1303      00425         BANKSEL ADCON1
0123   139F           00426         BCF     ADCON1, ADFM    ; Left justify the result (upper 8 bits of result will be stored in ADRE
                            SH)
0124   169F           00427         BSF     ADCON1, VCFG1   ; Set Vref- to Vss
0125   121F           00428         BCF     ADCON1, VCFG0   ; Set Vref+ to Vdd
0126   1283 1303      00429         BANKSEL ADCON0
0128   3080           00430         MOVLW   (ADC_CLOCK_SELECT << ADCS0) & ((1 << ADCS0) | (1 << ADCS1))
0129   139F           00431         BCF     ADCON0, ADCS1   ; Select Fosc/8 for ADC clock period because that is recommended for Fos
                            c=4MHz
012A   171F           00432         BSF     ADCON0, ADCS0   ; the code for this is 01 from datasheet page 108
                      00433 
012B                  00434 Initialize_Data
012B   1283 1303      00435         BANKSEL STATIC_VARIABLES
012D   3020           00436         MOVLW   0x20
012E   00B7           00437         MOVWF   datapoint
012F   00B8           00438         MOVWF   POSITION_RAM
0130   01B9           00439         CLRF    POSITION_EE
                      00440         CLRF_X  time, UINT16_T
  0000                    M         local   i = 0
                          M         while   i < 2
0131   01B1               M           CLRF  (time + i)
  00000001                M         i = i + 1
0132   01B2               M           CLRF  (time + i)
  00000002                M         i = i + 1
                          M         endw
0133   01B3           00441         CLRF    Temp
0134   1034           00442         BCF     booleans_reg, TT_BOOLEAN
                      00443 
0135                  00444 Initialize_Interupt_Sources
0135   1283 1303      00445         BANKSEL PORTB
0137   3001           00446         MOVLW   1 << RB0
0138   0506           00447         ANDWF   PORTB, W        ; save portB so it can be used to determine the
MPASM 5.63  /HOME/BEN/DOCUMENTS/BREADBOARDIN   12-17-2015  16:56:05         PAGE 11


LOC  OBJECT CODE     LINE SOURCE TEXT
  VALUE

0139   1683 1303      00448         BANKSEL OPTION_REG      ;   default state of the RB0 interupt
013B   1301           00449         BCF     OPTION_REG, INTEDG      ; interupt on falling edge of RB0/INT pin
013C   1903           00450         BTFSC   STATUS, Z       ; unless RB0 is already fallen, then
013D   1701           00451         BSF     OPTION_REG, INTEDG      ; interupt on rising edge.
013E   108B           00452         BCF     INTCON, INTF    ; clear external RB0 interupt flag
013F   160B           00453         BSF     INTCON, INTE    ; enable external RB0 interupt
0140   118B           00454         BCF     INTCON, RBIE    ; disable port B change interupts
0141   1683 1303      00455         BANKSEL PIE1
0143   018C           00456         CLRF    PIE1            ; disable a whole bunch of interupts
0144   1683 1303      00457         BANKSEL PIE2
0146   018D           00458         CLRF    PIE2            ; disable a whole bunch of interupts
0147   178B           00459         BSF     INTCON, GIE     ; set global interupt enable
                      00460 
0148                  00461 Initialize_Timer1_CCP1_and_CCP2 ; for motor
0148   1283 1303      00462         BANKSEL T1CON
014A   0190           00463         CLRF    T1CON   ; sets T1CKPS<1:0> to '00' for prescalar 1:1
                      00464                         ; and sets TMR1CS to '0' for Fosc/4
014B   1410           00465         BSF     T1CON, TMR1ON   ; enable timer 1
                      00466         
014C   1283 1303      00467         BANKSEL CCPR1L
014E   0195           00468         CLRF    CCPR1L
014F   3032           00469         MOVLW   (HALF_BRIDGE_PERIOD / 2)
0150   0096           00470         MOVWF   CCPR1H
0151   1283 1303      00471         BANKSEL CCPR2L
0153   019B           00472         CLRF    CCPR2L
0154   3063           00473         MOVLW   (HALF_BRIDGE_PERIOD - 1)
0155   009C           00474         MOVWF   CCPR2H
                      00475 
0156   1283 1303      00476         BANKSEL CCP1CON
0158   3002           00477         MOVLW   B'0010' ; enable CCP and set mode to Compare/toggle on match
0159   0097           00478         MOVWF   CCP1CON
015A   1283 1303      00479         BANKSEL CCP2CON
015C   009D           00480         MOVWF   CCP2CON
                      00481 
                      00482 
015D                  00483 Initialize_SPI
015D   1283 1303      00484         BANKSEL SSPCON
015F   3001           00485         MOVLW   B'0001' ; set SSPM<3:0> for Master Mode, Fosc/4
0160   0094           00486         MOVWF   SSPCON
0161   1614           00487         BSF     SSPCON, CKP     ; set clock idle state to high level
0162   1683 1303      00488         BANKSEL SSPSTAT
0164   1794           00489         BSF     SSPSTAT, SMP    ; input data sampled at end of data output time
0165   1714           00490         BSF     SSPSTAT, CKE    ; data transmitted on rising edge of clock (rising edge for MAX7219)
0166   1283 1303      00491         BANKSEL SSPCON
0168   1694           00492         BSF     SSPCON, SSPEN   ; enable Serial Peripheral Interface
                      00493 
0169                  00494 EE_READ:
0169   1283 1303      00495         BANKSEL STATIC_VARIABLES
016B   0838           00496     MOVF        POSITION_RAM,w
016C   0084           00497     MOVWF       FSR
016D   0839           00498     MOVF        POSITION_EE,w       ;EEPROM ADDRESS
016E   1283 1703      00499     BANKSEL     EEADR               ;TO READ
0170   008D           00500     MOVWF       EEADR
MPASM 5.63  /HOME/BEN/DOCUMENTS/BREADBOARDIN   12-17-2015  16:56:05         PAGE 12


LOC  OBJECT CODE     LINE SOURCE TEXT
  VALUE

0171   1683 1703      00501     BANKSEL     EECON1
0173   138C           00502     BCF         EECON1,EEPGD        ;POINT TO DATA MEMORY, NOT PROGRAM MEMORY
0174   140C           00503     BSF         EECON1,RD           ;EE READ, NOT WRITE
0175   1283 1703      00504     BANKSEL     EEDAT
0177   080C           00505     MOVF        EEDAT,w             ;MOVE DATA AT DESIGNATED EE ADDR TO W
0178   0080           00506     MOVWF       INDF                ;MOVE W TO VARIABLE IN RAM
0179   1283 1303      00507     BANKSEL     STATIC_VARIABLES
017B   0AB8           00508     INCF        POSITION_RAM,F
017C   0AB9           00509     INCF        POSITION_EE,F
017D   1E39           00510     BTFSS       POSITION_EE,4       ;REPEAT 15 TIMES, FOR 15 VAR
017E   2969           00511     GOTO        EE_READ
                      00512 
017F                  00513 Input_Loop_Timeout_Routine
017F   2088           00514         CALL    Compatibility_Function
0180   20B9           00515         CALL    Initialize_MAX7219
0181   201F           00516         CALL    Update_LED_Display
                      00517 
0182                  00518 Reinitialize_Timer0_for_Input_Loop_Timeout
0182   1683 1303      00519         BANKSEL OPTION_REG
0184   3006           00520         MOVLW   (0 << T0CS) | (0 << PSA) | (TIMER0_PRESCALAR << PS0)
                      00521         ; select the instruction clock (Fosc/4), assign the prescalar
                      00522         ; to Timer0, and set the prescalar value
0185   0081           00523         MOVWF   OPTION_REG
0186   1283 1303      00524         BANKSEL TMR0
0188   0181           00525         CLRF    TMR0
0189   128B           00526         BCF     INTCON, T0IE    ; disable the Timer0 interupt
018A   110B           00527         BCF     INTCON, T0IF    ; clear the Timer0 overflow flag
                      00528 
018B                  00529 Input_Loop
                      00530 
018B   1283 1703      00531         BANKSEL TIME_ARRAY
018D   0190           00532         CLRF    TIME_ARRAY + 0
018E   1683 1703      00533         BANKSEL TEMP_ARRAY
0190   0190           00534         CLRF    TEMP_ARRAY + 0
0191   0198           00535         CLRF    TEMP_ARRAY + MAX_ARRAY_SIZE
                      00536 
0192   190B           00537         BTFSC   INTCON, T0IF
0193   297F           00538         GOTO    Input_Loop_Timeout_Routine
                      00539 
0194   1283 1303      00540         BANKSEL 0x0
0196   1886           00541         BTFSC   PORTB, UP                   ;UP PB
0197   29AC           00542         GOTO    UpCheck
                      00543     
0198   1A86           00544         BTFSC   PORTB, DOWN                 ;DOWN PB
0199   29CC           00545         GOTO    DownCheck
                      00546     
019A   1A06           00547         BTFSC   PORTB, LEFT                 ;LEFT PB
019B   29FC           00548         GOTO    LeftCheck
                      00549 
019C   1B86           00550         BTFSC   PORTB, RIGHT                ;RIGHT PB
019D   2A10           00551         GOTO    RightCheck
                      00552     
019E   1283 1303      00553         BANKSEL STATIC_VARIABLES
MPASM 5.63  /HOME/BEN/DOCUMENTS/BREADBOARDIN   12-17-2015  16:56:05         PAGE 13


LOC  OBJECT CODE     LINE SOURCE TEXT
  VALUE

01A0   18B4           00554         BTFSC   booleans_reg, START_BOOLEAN
01A1   29A7           00555         GOTO    Start_Active_Low
01A2                  00556 Start_Active_High
01A2   1283 1303      00557         BANKSEL 0x0
01A4   1B06           00558         BTFSC   PORTB, START
01A5   2A24           00559         GOTO    Start
01A6   298B           00560         GOTO    Input_Loop
01A7                  00561 Start_Active_Low
01A7   1283 1303      00562         BANKSEL 0x0
01A9   1F06           00563         BTFSS   PORTB, START                ;START PB
01AA   2A24           00564         GOTO    Start
01AB   298B           00565         GOTO    Input_Loop
                      00566    
01AC                  00567 UpCheck:
                      00568                                     ;ARE YOU TRYING TO ADJUST 
                      00569                                 ;1ST, 2ND, & 16TH DATAPOINTS?
01AC   1103           00570     BCF         STATUS,Z            ;IF SO, STOP IT.
01AD   3020           00571     MOVLW       0X20                 
01AE   0237           00572     SUBWF       datapoint,w
01AF   1903           00573     BTFSC       STATUS,Z
01B0   298B           00574     GOTO        Input_Loop
01B1   1103           00575     BCF         STATUS,Z
01B2   3021           00576     MOVLW       0X21
01B3   0237           00577     SUBWF       datapoint,w
01B4   1903           00578     BTFSC       STATUS,Z
01B5   298B           00579     GOTO        Input_Loop
01B6   1103           00580     BCF         STATUS,Z
01B7   302F           00581     MOVLW       0X2F
01B8   0237           00582     SUBWF       datapoint,w
01B9   1903           00583     BTFSC       STATUS,Z
01BA   298B           00584     GOTO        Input_Loop
                      00585     
                      00586             ;YOU FOLLOWED THE RULES. GOOD WORK.
                      00587 
                      00588 ;    BTFSC      datapoint,0         ;ARE YOU ON A TIME INPUT?
                      00589 ;    GOTO       ImplementUp                 
                      00590 ;
                      00591 ;TimeCheckA:   
                      00592 ;    BCF                STATUS,C
                      00593 ;    BCF                STATUS,Z
                      00594 ;    MOVLW      0XFF
                      00595 ;    MOVWF      temp
                      00596 ;    MOVF       datapoint,w         ;MOVE ADDR OF CURRENT DATAPOINT INTO IND ADDR 
                      00597 ;    MOVWF      FSR
                      00598 ;    MOVF       INDF,w
                      00599 ;    SUBWF      temp,w
                      00600 ;    BTFSS      STATUS,Z
                      00601 ;    GOTO       ImplementUp
                      00602 ;
                      00603 ;    MOVLW      .2                     
                      00604 ;    SUBWF      datapoint,w         ;W HAS ADDR OF LAST TIME ENTRY
                      00605 ;    MOVWF      FSR                 ;MOVE ADDR OF LAST TIME ENTRY INTO IND ADDR
                      00606 ;    MOVF       INDF,w              ;LastTime HAS VALUE OF LAST TIME ENTRY
MPASM 5.63  /HOME/BEN/DOCUMENTS/BREADBOARDIN   12-17-2015  16:56:05         PAGE 14


LOC  OBJECT CODE     LINE SOURCE TEXT
  VALUE

                      00607 ;    MOVWF      LastTime
                      00608 ;    MOVF       datapoint,w
                      00609 ;    MOVWF      FSR
                      00610 ;    MOVF       LastTime,w
                      00611 ;    MOVWF      INDF
                      00612 ;    CALL       Write_Datapoint_to_LEDs
                      00613 ;    GOTO       Input
                      00614 ;       
                      00615 ;ImplementUp:       
01BB   0837           00616     MOVF        datapoint,w         ;MOVE ADDR OF CURRENT DATAPOINT INTO IND ADDR 
01BC   0084           00617     MOVWF       FSR
01BD   0A80           00618     INCF        INDF,F              ;INCREMENT VALUE AT CURRENT DATAPOINT ADDR
01BE   201F           00619         CALL    Update_LED_Display
                      00620         Waste_Time      .255, .255, .1
01BF   30FF               M         MOVLW   .255
01C0   00C5               M         MOVWF   delay1
01C1   30FF               M         MOVLW   .255
01C2   00C6               M         MOVWF   delay2
01C3   3001               M         MOVLW   .1
01C4   00C7               M         MOVWF   delay3
01C5   0BC5               M         DECFSZ  delay1, F
01C6   29C5               M         GOTO    $-1
01C7   0BC6               M         DECFSZ  delay2, F
01C8   29C5               M         GOTO    $-3
01C9   0BC7               M         DECFSZ  delay3, F
01CA   29C5               M         GOTO    $-5
01CB   298B           00621     GOTO        Input_Loop
                      00622     
01CC                  00623 DownCheck:                          ;ARE YOU TRYING TO ADJUST 
                      00624                                     ;1ST, 2ND, & 16TH DATAPOINTS?
01CC   1103           00625     BCF         STATUS,Z            ;IF SO, STOP IT.
01CD   3020           00626     MOVLW       0X20                 
01CE   0237           00627     SUBWF       datapoint,w
01CF   1903           00628     BTFSC       STATUS,Z
01D0   298B           00629     GOTO        Input_Loop
01D1   1103           00630     BCF         STATUS,Z
01D2   3021           00631     MOVLW       0X21
01D3   0237           00632     SUBWF       datapoint,w
01D4   1903           00633     BTFSC       STATUS,Z
01D5   298B           00634     GOTO        Input_Loop
01D6   1103           00635     BCF         STATUS,Z
01D7   302F           00636     MOVLW       0X2F
01D8   0237           00637     SUBWF       datapoint,w
01D9   1903           00638     BTFSC       STATUS,Z
01DA   298B           00639     GOTO        Input_Loop
                      00640     
                      00641             ;YOU FOLLOWED THE RULES. GOOD WORK.
                      00642     
01DB   1837           00643     BTFSC       datapoint,0         ;ARE YOU ON A TIME INPUT?
01DC   29EB           00644     GOTO        ImplementDown       ;IF NOT, HURRY UP AND GET IMPLEMENTED
                      00645         
01DD                  00646 TimeCheck:    
01DD   1003           00647     BCF         STATUS,C
MPASM 5.63  /HOME/BEN/DOCUMENTS/BREADBOARDIN   12-17-2015  16:56:05         PAGE 15


LOC  OBJECT CODE     LINE SOURCE TEXT
  VALUE

01DE   1103           00648     BCF         STATUS,Z
01DF   3002           00649     MOVLW       .2                     
01E0   0237           00650     SUBWF       datapoint,w         ;W HAS ADDR OF LAST TIME ENTRY
01E1   0084           00651     MOVWF       FSR                 ;MOVE ADDR OF LAST TIME ENTRY INTO IND ADDR
01E2   0800           00652     MOVF        INDF,w              ;LastTime HAS VALUE OF LAST TIME ENTRY
01E3   00BA           00653     MOVWF       LastTime
01E4   0837           00654     MOVF        datapoint,w         ;MOVE ADDR OF CURRENT TIME ENTRY INTO IND ADDR
01E5   0084           00655     MOVWF       FSR
01E6   0800           00656     MOVF        INDF,w              ;W HAS VALUE OF CURRENT TIME ENTRY
01E7   023A           00657     SUBWF       LastTime,w          ;COMPARE TIMES
01E8   1C03           00658     BTFSS       STATUS,C            ;IF CURRENT TIME < LAST TIME
01E9   1903           00659     BTFSC       STATUS,Z            ;OR IF CURRENT TIME = LAST TIME 
01EA   298B           00660     GOTO        Input_Loop          ;DON'T ADJUST TIME
                      00661     
01EB                  00662 ImplementDown:
01EB   0837           00663     MOVF        datapoint,w         ;MOVE ADDR OF CURRENT DATAPOINT INTO IND ADDR 
01EC   0084           00664     MOVWF       FSR
01ED   0380           00665     DECF        INDF,F              ;DECREMENT VALUE AT CURRENT DATAPOINT ADDR
01EE   201F           00666         CALL    Update_LED_Display
                      00667         Waste_Time      .255, .255, .1
01EF   30FF               M         MOVLW   .255
01F0   00C5               M         MOVWF   delay1
01F1   30FF               M         MOVLW   .255
01F2   00C6               M         MOVWF   delay2
01F3   3001               M         MOVLW   .1
01F4   00C7               M         MOVWF   delay3
01F5   0BC5               M         DECFSZ  delay1, F
01F6   29F5               M         GOTO    $-1
01F7   0BC6               M         DECFSZ  delay2, F
01F8   29F5               M         GOTO    $-3
01F9   0BC7               M         DECFSZ  delay3, F
01FA   29F5               M         GOTO    $-5
01FB   298B           00668         GOTO    Input_Loop
                      00669     
01FC                  00670 LeftCheck:                          ;ARE YOU TRYING TO MOVE
                      00671                                     ;BEFORE THE 1ST DATAPOINT?
01FC   1103           00672     BCF         STATUS,Z            ;WHAT ARE YOU? A TIME-TRAVELLER?
01FD   3020           00673     MOVLW       0X20                
01FE   0237           00674     SUBWF       datapoint,w         
01FF   1903           00675     BTFSC       STATUS,Z
0200   298B           00676     GOTO        Input_Loop          ;YOU CAN'T SAVE THE DINOSAURS. STOP IT.
                      00677     
                      00678             ;YOU FOLLOWED THE RULES. GOOD WORK.
                      00679             
0201   03B7           00680     DECF        datapoint,F
0202   201F           00681         CALL    Update_LED_Display
                      00682         Waste_Time      .255, .255, .2
0203   30FF               M         MOVLW   .255
0204   00C5               M         MOVWF   delay1
0205   30FF               M         MOVLW   .255
0206   00C6               M         MOVWF   delay2
0207   3002               M         MOVLW   .2
0208   00C7               M         MOVWF   delay3
MPASM 5.63  /HOME/BEN/DOCUMENTS/BREADBOARDIN   12-17-2015  16:56:05         PAGE 16


LOC  OBJECT CODE     LINE SOURCE TEXT
  VALUE

0209   0BC5               M         DECFSZ  delay1, F
020A   2A09               M         GOTO    $-1
020B   0BC6               M         DECFSZ  delay2, F
020C   2A09               M         GOTO    $-3
020D   0BC7               M         DECFSZ  delay3, F
020E   2A09               M         GOTO    $-5
020F   298B           00683         GOTO    Input_Loop
                      00684     
0210                  00685 RightCheck:                         ;ARE YOU TRYING TO MOVE
                      00686                                     ;PAST THE 16TH DATAPOINT?
0210   1103           00687     BCF         STATUS,Z            ;ANOTHER TIME-TRAVELLER, HUH?
0211   302F           00688     MOVLW       0X2F                
0212   0237           00689     SUBWF       datapoint,w         
0213   1903           00690     BTFSC       STATUS,Z
0214   298B           00691     GOTO        Input_Loop          ;GET OUTTA HERE, MARTY MCFLY. STOP IT.
                      00692     
                      00693             ;YOU FOLLOWED THE RULES. GOOD WORK.
                      00694             
0215   0AB7           00695         INCF    datapoint,F
0216   201F           00696         CALL    Update_LED_Display
                      00697         Waste_Time      .255, .255, .2
0217   30FF               M         MOVLW   .255
0218   00C5               M         MOVWF   delay1
0219   30FF               M         MOVLW   .255
021A   00C6               M         MOVWF   delay2
021B   3002               M         MOVLW   .2
021C   00C7               M         MOVWF   delay3
021D   0BC5               M         DECFSZ  delay1, F
021E   2A1D               M         GOTO    $-1
021F   0BC6               M         DECFSZ  delay2, F
0220   2A1D               M         GOTO    $-3
0221   0BC7               M         DECFSZ  delay3, F
0222   2A1D               M         GOTO    $-5
0223   298B           00698         GOTO    Input_Loop
                      00699     
0224                  00700 Start
                      00701 
0224                  00702 Reinitialize_Timer0
0224   1683 1303      00703         BANKSEL OPTION_REG
0226   1281           00704         BCF     OPTION_REG, T0CS; select instruction clock Fosc/4
0227   1181           00705         BCF     OPTION_REG, PSA ; assign prescalar to Timer 0
0228   1101           00706         BCF     OPTION_REG, PS2 ; Set PS<2:0> to 000, corresponding
0229   1081           00707         BCF     OPTION_REG, PS1 ; to a prescalar of 2
022A   1001           00708         BCF     OPTION_REG, PS0
022B   1283 1303      00709         BANKSEL INTCON
022D   128B           00710         BCF     INTCON, T0IE    ; disable the Timer0 interupt
                      00711 
022E                  00712 Check_Door_Contact_Switch
022E   1283 1303      00713         BANKSEL PORTA
0230   1D85           00714         BTFSS   PORTA, HEAT     ; if door is shut, HEAT pin will be pulled low
0231   2A5E           00715         GOTO    Door_Closed
0232                  00716 Door_Open       ; Beap three times then return to input loop
0232   1683 1303      00717         BANKSEL TRISA
MPASM 5.63  /HOME/BEN/DOCUMENTS/BREADBOARDIN   12-17-2015  16:56:05         PAGE 17


LOC  OBJECT CODE     LINE SOURCE TEXT
  VALUE

0234   1205           00718         BCF     TRISA, ALARM
0235   1283 1303      00719         BANKSEL STATIC_VARIABLES
0237   3003           00720         MOVLW   .3
0238   00B6           00721         MOVWF   time_counter_H
0239   20D3           00722         CALL    Time_Counting_Loop
023A   1683 1303      00723         BANKSEL TRISA
023C   1605           00724         BSF     TRISA, ALARM
023D   1283 1303      00725         BANKSEL STATIC_VARIABLES
023F   3003           00726         MOVLW   .3
0240   00B6           00727         MOVWF   time_counter_H
0241   20D3           00728         CALL    Time_Counting_Loop
0242   1683 1303      00729         BANKSEL TRISA
0244   1205           00730         BCF     TRISA, ALARM
0245   1283 1303      00731         BANKSEL STATIC_VARIABLES
0247   3003           00732         MOVLW   .3
0248   00B6           00733         MOVWF   time_counter_H
0249   20D3           00734         CALL    Time_Counting_Loop
024A   1683 1303      00735         BANKSEL TRISA
024C   1605           00736         BSF     TRISA, ALARM
024D   1283 1303      00737         BANKSEL STATIC_VARIABLES
024F   3003           00738         MOVLW   .3
0250   00B6           00739         MOVWF   time_counter_H
0251   20D3           00740         CALL    Time_Counting_Loop
0252   1683 1303      00741         BANKSEL TRISA
0254   1205           00742         BCF     TRISA, ALARM
0255   1283 1303      00743         BANKSEL STATIC_VARIABLES
0257   3003           00744         MOVLW   .3
0258   00B6           00745         MOVWF   time_counter_H
0259   20D3           00746         CALL    Time_Counting_Loop
025A   1683 1303      00747         BANKSEL TRISA
025C   1605           00748         BSF     TRISA, ALARM
                      00749 
025D   2801           00750         GOTO    Interupt_Vector
025E                  00751 Door_Closed
                      00752 
                      00753 
                      00754 
                      00755 
                      00756 ;WRITE ALL POINTS TO EEPROM
025E   3020           00757     MOVLW       0X20
025F   1283 1303      00758     BANKSEL     POSITION_RAM
0261   00B8           00759     MOVWF       POSITION_RAM
0262   01B9           00760     CLRF        POSITION_EE
0263                  00761 EE_WRITE: 
0263   0838           00762     MOVF        POSITION_RAM,w
0264   0084           00763     MOVWF       FSR
0265   0839           00764     MOVF        POSITION_EE,w    
                      00765     
0266   1283 1703      00766     BANKSEL     EEADR
0268   008D           00767     MOVWF       EEADR               ;EEPROM ADDRESS
0269   0800           00768     MOVF        INDF,w              ;TO READ
026A   008C           00769     MOVWF       EEDAT
026B   1683 1703      00770     BANKSEL     EECON1
MPASM 5.63  /HOME/BEN/DOCUMENTS/BREADBOARDIN   12-17-2015  16:56:05         PAGE 18


LOC  OBJECT CODE     LINE SOURCE TEXT
  VALUE

026D   138C           00771     BCF         EECON1,EEPGD        ;POINT TO DATA MEMORY, NOT PROGRAM MEMORY
026E   150C           00772     BSF         EECON1,WREN         ;ENABLE WRITE
026F   138B           00773     BCF         INTCON,GIE          ;DISABLE INT
0270   1B8B           00774     BTFSC       INTCON,GIE          ;SEE AN576
0271   2A6F           00775     GOTO        $-2
0272   3055           00776     MOVLW       0X55                ;!!!!!!REQUIRED SEQUENCE!!!!!!
0273   008D           00777     MOVWF       EECON2              ;NO IDEA WHAT IS HAPPENING
0274   30AA           00778     MOVLW       0XAA                ;EECON2 ISN'T EVEN REAL
0275   008D           00779     MOVWF       EECON2              ;THIS IS BS 
0276   148C           00780     BSF         EECON1,WR           ;SET WR BIT TO BEGIN WRITE
0277   178B           00781     BSF         INTCON,GIE          ;ENABLE INT
0278   1283 1303      00782     BANKSEL     delay1
027A   01C5           00783     CLRF        delay1
027B   01C6           00784     CLRF        delay2
027C                  00785 DELAY:                              ;WAIT FOR WRITING TO FINISH
027C   0BC5           00786     DECFSZ      delay1
027D   2A7C           00787     GOTO        DELAY
027E   0BC6           00788     DECFSZ      delay2
027F   2A7C           00789     GOTO        DELAY
0280   1683 1703      00790     BANKSEL     EECON1
0282   110C           00791     BCF         EECON1,WREN         ;DISABLE WRITES
                      00792     
0283   1283 1303      00793     BANKSEL     POSITION_EE
0285   0AB8           00794     INCF        POSITION_RAM,F
0286   0AB9           00795     INCF        POSITION_EE,F
0287   1E39           00796     BTFSS       POSITION_EE,4       ;REPEAT 15 TIMES, FOR 15 VAR
0288   2A63           00797     GOTO        EE_WRITE        
                      00798 
0289                  00799 Turn_on_Fan
0289   1283 1303      00800         BANKSEL PORTC
028B   1407           00801         BSF     PORTC, MOTOR_ON
                      00802 
028C                  00803 Initialize_Runtime_and_Data_Index
028C   1283 1303      00804         BANKSEL STATIC_VARIABLES
                      00805         CLRF_X  time, UINT16_T
  0000                    M         local   i = 0
                          M         while   i < 2
028E   01B1               M           CLRF  (time + i)
  00000001                M         i = i + 1
028F   01B2               M           CLRF  (time + i)
  00000002                M         i = i + 1
                          M         endw
0290   01B0           00806         CLRF    data_index
                      00807 
0291                  00808 Control_Loop
                      00809         
                      00810         ; Reset Timer 0
0291   1283 1303      00811         BANKSEL TMR0
0293   3083           00812         MOVLW   (.256 - TMR0_PERIOD)    ; (because TMR0 increments until it overflows)
0294   0081           00813         MOVWF   TMR0                    ; Start timing
0295   110B           00814         BCF     INTCON, T0IF            ; and Clear the Timer Interupt Flag
                      00815 
                      00816         ; Reset the Variables for Timer Overflow Counting
MPASM 5.63  /HOME/BEN/DOCUMENTS/BREADBOARDIN   12-17-2015  16:56:05         PAGE 19


LOC  OBJECT CODE     LINE SOURCE TEXT
  VALUE

0296   1283 1303      00817         BANKSEL STATIC_VARIABLES        
0298   01B5           00818         CLRF    time_counter_L
0299   3019           00819         MOVLW   TIME_COUNTER_SET_VALUE
029A   00B6           00820         MOVWF   time_counter_H  
                      00821 
                      00822         ; Measure the Thermocouple Analog Input
029B   1283 1303      00823         BANKSEL ADCON0
029D   151F           00824         BSF     ADCON0, CHS0    ; select analog channel 1 (CHS<3:0> = 0001)
029E   119F           00825         BCF     ADCON0, CHS1
029F   121F           00826         BCF     ADCON0, CHS2
02A0   129F           00827         BCF     ADCON0, CHS3    
02A1   141F           00828         BSF     ADCON0, ADON    ; enable ADC
02A2   0000           00829         NOP                     ; wait 5us aquisition time, based on small Rout
02A3   0000           00830         NOP                     ; of op-amp and Tacq equation on page 111 of datasheet
02A4   0000           00831         NOP
02A5   0000           00832         NOP
02A6   0000           00833         NOP
02A7   149F           00834         BSF     ADCON0, GO      ; start ADC conversion
02A8   189F           00835         BTFSC   ADCON0, GO      ; is conversion done?
02A9   2AA8           00836         GOTO    $-1             ; Estimated completion time is (Fosc/8) * 11
02AA   1283 1303      00837         BANKSEL ADRESH
02AC   081E           00838         MOVF    ADRESH, W       ; save result to Temp register. No additional math is
02AD   1283 1303      00839         BANKSEL STATIC_VARIABLES;   necessary because the op-amp gain was selected
02AF   00B3           00840         MOVWF   Temp            ; to match the full range of the ADC to 255 degrees delta T
                      00841 
                      00842         ; Wait for Timer0 to Maintain Accurate Timing
02B0   1D0B           00843         BTFSS   INTCON, T0IF    ; Test for Timer Overflow (note INTCON is in all banks)
02B1   2AB0           00844         GOTO    $-1
02B2   110B           00845         BCF     INTCON, T0IF
02B3   1283 1303      00846         BANKSEL TMR0
02B5   3082           00847         MOVLW   (.255 - TMR0_PERIOD)    ; Reset TMR0
                      00848 
                      00849         ; Measure the Temperature Reference Analog Input
                      00850 
                      00851         ; Calculate Absolute Temperature
                      00852 
                      00853         ; Wait for Timer 0 to Maintain Accurate Timing
                      00854 
                      00855         ; Update LED Display 
02B6   1283 1303      00856         BANKSEL STATIC_VARIABLES
02B8   1034           00857         BCF     booleans_reg, TT_BOOLEAN        ; (assume it is time for time to be displayed)
02B9   1831           00858         BTFSC   time, 0         ; test if time or temperature should be displayed
02BA   1434           00859         BSF     booleans_reg, TT_BOOLEAN        ; (alternate every second)
02BB   201F           00860         CALL    Update_LED_Display
                      00861 
                      00862         ; Wait for Timer 0 to Maintain Accurate Timing
                      00863 
02BC   20D3           00864         CALL    Time_Counting_Loop
                      00865 
02BD                  00866 Increment_Time_and_Continue_to_Next_Iteration
02BD   1283 1303      00867         BANKSEL STATIC_VARIABLES
02BF   0AB1           00868         INCF    (time)
02C0   1903           00869         BTFSC   STATUS, Z
MPASM 5.63  /HOME/BEN/DOCUMENTS/BREADBOARDIN   12-17-2015  16:56:05         PAGE 20


LOC  OBJECT CODE     LINE SOURCE TEXT
  VALUE

02C1   0AB2           00870         INCF    (time + 1)      
02C2   2A91           00871         GOTO    Control_Loop
                      00872         
                      00873 
                      00874 
                      00875     end
MPASM 5.63  /HOME/BEN/DOCUMENTS/BREADBOARDIN   12-17-2015  16:56:05         PAGE 21


SYMBOL TABLE
  LABEL                             VALUE 

ABDEN                             00000000
ABDOVF                            00000007
ACKDT                             00000005
ACKEN                             00000004
ACKSTAT                           00000006
ADCON0                            0000001F
ADCON1                            0000009F
ADCS0                             00000006
ADCS1                             00000007
ADC_CLOCK_SELECT                  B'10'
ADDEN                             00000003
ADFM                              00000007
ADIE                              00000006
ADIF                              00000006
ADON                              00000000
ADRESH                            0000001E
ADRESL                            0000009E
ALARM                             RA4
ALL_OFF                           .13
ANS0                              00000000
ANS1                              00000001
ANS10                             00000002
ANS11                             00000003
ANS12                             00000004
ANS13                             00000005
ANS2                              00000002
ANS3                              00000003
ANS4                              00000004
ANS8                              00000000
ANS9                              00000001
ANSEL                             00000188
ANSELH                            00000189
A_K                               1
A_REF                             0
A_REF_MINUS                       2
BAUDCTL                           00000187
BCLIE                             00000003
BCLIF                             00000003
BF                                00000000
BRG0                              00000000
BRG1                              00000001
BRG10                             00000002
BRG11                             00000003
BRG12                             00000004
BRG13                             00000005
BRG14                             00000006
BRG15                             00000007
BRG16                             00000003
BRG2                              00000002
BRG3                              00000003
BRG4                              00000004
BRG5                              00000005
BRG6                              00000006
MPASM 5.63  /HOME/BEN/DOCUMENTS/BREADBOARDIN   12-17-2015  16:56:05         PAGE 22


SYMBOL TABLE
  LABEL                             VALUE 

BRG7                              00000007
BRG8                              00000000
BRG9                              00000001
BRGH                              00000002
Binary_to_Decimal_for_Minutes     00000043
Binary_to_Decimal_for_Seconds     0000003B
Binary_to_Decimal_for_Temp        00000052
Blink_Red_Once                    00000101
C                                 00000000
C1CH0                             00000000
C1CH1                             00000001
C1IE                              00000005
C1IF                              00000005
C1OE                              00000005
C1ON                              00000007
C1OUT                             00000006
C1POL                             00000004
C1R                               00000002
C1RSEL                            00000005
C1SEN                             00000005
C2CH0                             00000000
C2CH1                             00000001
C2IE                              00000006
C2IF                              00000006
C2OE                              00000005
C2ON                              00000007
C2OUT                             00000006
C2POL                             00000004
C2R                               00000002
C2REN                             00000004
C2RSEL                            00000004
C2SYNC                            00000000
CCP1CON                           00000017
CCP1IE                            00000002
CCP1IF                            00000002
CCP1M0                            00000000
CCP1M1                            00000001
CCP1M2                            00000002
CCP1M3                            00000003
CCP1X                             00000005
CCP1Y                             00000004
CCP2CON                           0000001D
CCP2IE                            00000000
CCP2IF                            00000000
CCP2M0                            00000000
CCP2M1                            00000001
CCP2M2                            00000002
CCP2M3                            00000003
CCP2X                             00000005
CCP2Y                             00000004
CCPR1                             00000015
CCPR1H                            00000016
CCPR1L                            00000015
MPASM 5.63  /HOME/BEN/DOCUMENTS/BREADBOARDIN   12-17-2015  16:56:05         PAGE 23


SYMBOL TABLE
  LABEL                             VALUE 

CCPR2                             0000001B
CCPR2H                            0000001C
CCPR2L                            0000001B
CELSIUS                           .12
CHS0                              00000002
CHS1                              00000003
CHS2                              00000004
CHS3                              00000005
CKE                               00000006
CKP                               00000004
CLRF_X                            
CM1CON0                           00000107
CM2CON0                           00000108
CM2CON1                           00000109
COPY_X                            
CREN                              00000004
CSRC                              00000007
Check_Door_Contact_Switch         0000022E
Compatibility_Function            00000088
Control_Loop                      00000291
D                                 00000005
DATA_ADDRESS                      00000005
DC                                00000001
DC1B0                             00000004
DC1B1                             00000005
DC2B0                             00000004
DC2B1                             00000005
DEGREE_SIGN                       .11
DELAY                             0000027C
DOWN                              RB5
D_A                               00000005
D_NOT_A                           00000005
Divide_by_60_Loop                 0000002C
Door_Closed                       0000025E
Door_Open                         00000232
DownCheck                         000001CC
ECCPAS                            0000009C
ECCPAS0                           00000004
ECCPAS1                           00000005
ECCPAS2                           00000006
ECCPASE                           00000007
EEADR                             0000010D
EEADRH                            0000010F
EECON1                            0000018C
EECON2                            0000018D
EEDAT                             0000010C
EEDATA                            0000010C
EEDATH                            0000010E
EEIE                              00000004
EEIF                              00000004
EEPGD                             00000007
EE_READ                           00000169
EE_WRITE                          00000263
MPASM 5.63  /HOME/BEN/DOCUMENTS/BREADBOARDIN   12-17-2015  16:56:05         PAGE 24


SYMBOL TABLE
  LABEL                             VALUE 

F                                 00000001
FERR                              00000002
FOSK_SELECT                       B'111'
FSR                               00000004
FVREN                             00000000
GCEN                              00000007
GIE                               00000007
GO                                00000001
GO_DONE                           00000001
GO_NOT_DONE                       00000001
GRN_LED                           RB3
HALF_BRIDGE_PERIOD                .100
HEAT                              RA3
HTS                               00000002
I2C_DATA                          00000005
I2C_READ                          00000002
I2C_START                         00000003
I2C_STOP                          00000004
INDF                              00000000
INTCON                            0000000B
INTE                              00000004
INTEDG                            00000006
INTF                              00000001
IOCB                              00000096
IOCB0                             00000000
IOCB1                             00000001
IOCB2                             00000002
IOCB3                             00000003
IOCB4                             00000004
IOCB5                             00000005
IOCB6                             00000006
IOCB7                             00000007
IRCF0                             00000004
IRCF1                             00000005
IRCF2                             00000006
IRP                               00000007
ImplementDown                     000001EB
Increment_Time_and_Continue_to_N  000002BD
Initialize_ADC                    00000121
Initialize_Data                   0000012B
Initialize_IO                     000000EB
Initialize_Interupt_Sources       00000135
Initialize_MAX7219                000000B9
Initialize_Runtime_and_Data_Inde  0000028C
Initialize_SPI                    0000015D
Initialize_System_Clock           0000011D
Initialize_Timer1_CCP1_and_CCP2   00000148
Input_Loop                        0000018B
Input_Loop_Timeout_Routine        0000017F
Interupt_Vector                   00000001
LED_INTENSITY                     .8
LED_Lookup_Table                  00000010
LEFT                              RB4
MPASM 5.63  /HOME/BEN/DOCUMENTS/BREADBOARDIN   12-17-2015  16:56:05         PAGE 25


SYMBOL TABLE
  LABEL                             VALUE 

LTS                               00000001
LastTime                          0000003A
LeftCheck                         000001FC
MAX_ARRAY_SIZE                    .8
MC1OUT                            00000007
MC2OUT                            00000006
MOTOR_ON                          RC0
MSK                               00000093
MSK0                              00000000
MSK1                              00000001
MSK2                              00000002
MSK3                              00000003
MSK4                              00000004
MSK5                              00000005
MSK6                              00000006
MSK7                              00000007
NOT_A                             00000005
NOT_ADDRESS                       00000005
NOT_BO                            00000000
NOT_BOR                           00000000
NOT_DONE                          00000001
NOT_PD                            00000003
NOT_POR                           00000001
NOT_RBPU                          00000007
NOT_RC8                           00000006
NOT_T1SYNC                        00000002
NOT_TO                            00000004
NOT_TX8                           00000006
NOT_W                             00000002
NOT_WRITE                         00000002
OERR                              00000001
OPTION_REG                        00000081
OSCCON                            0000008F
OSCTUNE                           00000090
OSFIE                             00000007
OSFIF                             00000007
OSTS                              00000003
P                                 00000004
P1M0                              00000006
P1M1                              00000007
PCL                               00000002
PCLATH                            0000000A
PCON                              0000008E
PDC0                              00000000
PDC1                              00000001
PDC2                              00000002
PDC3                              00000003
PDC4                              00000004
PDC5                              00000005
PDC6                              00000006
PEIE                              00000006
PEN                               00000002
PIE1                              0000008C
MPASM 5.63  /HOME/BEN/DOCUMENTS/BREADBOARDIN   12-17-2015  16:56:05         PAGE 26


SYMBOL TABLE
  LABEL                             VALUE 

PIE2                              0000008D
PIR1                              0000000C
PIR2                              0000000D
PORTA                             00000005
PORTB                             00000006
PORTC                             00000007
PORTE                             00000009
POSITION_EE                       00000039
POSITION_RAM                      00000038
PR2                               00000092
PRSEN                             00000007
PS0                               00000000
PS1                               00000001
PS2                               00000002
PSA                               00000003
PSSAC0                            00000002
PSSAC1                            00000003
PSSBD0                            00000000
PSSBD1                            00000001
PSTRCON                           0000009D
PULSR                             00000002
PULSS                             00000003
PWM1CON                           0000009B
Prepare_to_Display_Temp           00000065
Prepare_to_Display_Time           0000004B
R                                 00000002
RA0                               00000000
RA1                               00000001
RA2                               00000002
RA3                               00000003
RA4                               00000004
RA5                               00000005
RA6                               00000006
RA7                               00000007
RB0                               00000000
RB1                               00000001
RB2                               00000002
RB3                               00000003
RB4                               00000004
RB5                               00000005
RB6                               00000006
RB7                               00000007
RBIE                              00000003
RBIF                              00000000
RC0                               00000000
RC1                               00000001
RC2                               00000002
RC3                               00000003
RC4                               00000004
RC5                               00000005
RC6                               00000006
RC7                               00000007
RC8_9                             00000006
MPASM 5.63  /HOME/BEN/DOCUMENTS/BREADBOARDIN   12-17-2015  16:56:05         PAGE 27


SYMBOL TABLE
  LABEL                             VALUE 

RC9                               00000006
RCD8                              00000000
RCEN                              00000003
RCIDL                             00000006
RCIE                              00000005
RCIF                              00000005
RCREG                             0000001A
RCSTA                             00000018
RD                                00000000
RE3                               00000003
READ_WRITE                        00000002
RED_LED                           RB3
RIGHT                             RB7
RP0                               00000005
RP1                               00000006
RSEN                              00000001
RX9                               00000006
RX9D                              00000000
R_NOT_W                           00000002
R_W                               00000002
Reinitialize_Timer0               00000224
Reinitialize_Timer0_for_Input_Lo  00000182
Remainder_Restoration             00000063
Reset_Vector                      00000000
RightCheck                        00000210
S                                 00000003
SBOREN                            00000004
SCK                               RC3
SCKP                              00000004
SCS                               00000000
SDI                               RC4
SDO                               RC5
SEMICOLON                         .10
SEN                               00000000
SENDB                             00000003
SMP                               00000007
SPBRG                             00000099
SPBRGH                            0000009A
SPEN                              00000007
SPI_2byte_Transfer                00000096
SPI_tx1                           0000003B
SPI_tx2                           0000003C
SR0                               00000006
SR1                               00000007
SRCON                             00000185
SREN                              00000005
SS                                RA5
SSPADD                            00000093
SSPBUF                            00000013
SSPCON                            00000014
SSPCON2                           00000091
SSPEN                             00000005
SSPIE                             00000003
MPASM 5.63  /HOME/BEN/DOCUMENTS/BREADBOARDIN   12-17-2015  16:56:05         PAGE 28


SYMBOL TABLE
  LABEL                             VALUE 

SSPIF                             00000003
SSPM0                             00000000
SSPM1                             00000001
SSPM2                             00000002
SSPM3                             00000003
SSPMSK                            00000093
SSPOV                             00000006
SSPSTAT                           00000094
START                             RB6
START_BOOLEAN                     1
STATIC_VARIABLES                  0x20
STATUS                            00000003
STOP                              RB0
STRA                              00000000
STRB                              00000001
STRC                              00000002
STRD                              00000003
STRSYNC                           00000004
SUBWF_X                           
SWDTEN                            00000000
SYNC                              00000004
Seconds_to_Minutes_for_Time       00000027
Start                             00000224
Start_Active_High                 000001A2
Start_Active_Low                  000001A7
Subtract_Division_Loop            00000056
T0                                00000021
T0CS                              00000005
T0IE                              00000005
T0IF                              00000002
T0SE                              00000004
T1                                00000023
T1CKPS0                           00000004
T1CKPS1                           00000005
T1CON                             00000010
T1GINV                            00000007
T1GIV                             00000007
T1GSS                             00000001
T1INSYNC                          00000002
T1OSCEN                           00000003
T1SYNC                            00000002
T2                                00000025
T2CKPS0                           00000000
T2CKPS1                           00000001
T2CON                             00000012
T3                                00000027
T4                                00000029
T5                                0000002B
T6                                0000002D
T7                                0000002F
TEMP_ARRAY                        0x190
TIMER0_PRESCALAR                  B'110'
TIME_ARRAY                        0x110
MPASM 5.63  /HOME/BEN/DOCUMENTS/BREADBOARDIN   12-17-2015  16:56:05         PAGE 29


SYMBOL TABLE
  LABEL                             VALUE 

TIME_COUNTER_SET_VALUE            .25
TMR0                              00000001
TMR0IE                            00000005
TMR0IF                            00000002
TMR0_PERIOD                       .125
TMR1                              0000000E
TMR1CS                            00000001
TMR1GE                            00000006
TMR1H                             0000000F
TMR1IE                            00000000
TMR1IF                            00000000
TMR1L                             0000000E
TMR1ON                            00000000
TMR2                              00000011
TMR2IE                            00000001
TMR2IF                            00000001
TMR2ON                            00000002
TOUTPS0                           00000003
TOUTPS1                           00000004
TOUTPS2                           00000005
TOUTPS3                           00000006
TRISA                             00000085
TRISA0                            00000000
TRISA1                            00000001
TRISA2                            00000002
TRISA3                            00000003
TRISA4                            00000004
TRISA5                            00000005
TRISA6                            00000006
TRISA7                            00000007
TRISB                             00000086
TRISB0                            00000000
TRISB1                            00000001
TRISB2                            00000002
TRISB3                            00000003
TRISB4                            00000004
TRISB5                            00000005
TRISB6                            00000006
TRISB7                            00000007
TRISC                             00000087
TRISC0                            00000000
TRISC1                            00000001
TRISC2                            00000002
TRISC3                            00000003
TRISC4                            00000004
TRISC5                            00000005
TRISC6                            00000006
TRISC7                            00000007
TRISE                             00000089
TRISE3                            00000003
TRMT                              00000001
TT_BOOLEAN                        0
TUN0                              00000000
MPASM 5.63  /HOME/BEN/DOCUMENTS/BREADBOARDIN   12-17-2015  16:56:05         PAGE 30


SYMBOL TABLE
  LABEL                             VALUE 

TUN1                              00000001
TUN2                              00000002
TUN3                              00000003
TUN4                              00000004
TX8_9                             00000006
TX9                               00000006
TX9D                              00000000
TXD8                              00000000
TXEN                              00000005
TXIE                              00000004
TXIF                              00000004
TXREG                             00000019
TXSTA                             00000098
T_K                               RA1
T_REF                             RA0
Temp                              00000033
TimeCheck                         000001DD
Time_Counting_Loop                000000D3
Turn_on_Fan                       00000289
UA                                00000001
UINT16_T                          2
ULPWUE                            00000005
ULPWUIE                           00000002
ULPWUIF                           00000002
UP                                RB1
UpCheck                           000001AC
Update_5_Digits                   00000069
Update_LED_Display                0000001F
VCFG0                             00000004
VCFG1                             00000005
VR0                               00000000
VR1                               00000001
VR2                               00000002
VR3                               00000003
VRCON                             00000097
VREN                              00000007
VROE                              00000006
VRR                               00000005
VRSS                              00000004
V_REF_MINUS                       RA2
W                                 00000000
WCOL                              00000007
WDTCON                            00000105
WDTPS0                            00000001
WDTPS1                            00000002
WDTPS2                            00000003
WDTPS3                            00000004
WINDING1                          RC2
WINDING2                          RC1
WPUB                              00000095
WPUB0                             00000000
WPUB1                             00000001
WPUB2                             00000002
MPASM 5.63  /HOME/BEN/DOCUMENTS/BREADBOARDIN   12-17-2015  16:56:05         PAGE 31


SYMBOL TABLE
  LABEL                             VALUE 

WPUB3                             00000003
WPUB4                             00000004
WPUB5                             00000005
WPUB6                             00000006
WPUB7                             00000007
WR                                00000001
WREN                              00000002
WRERR                             00000003
WUE                               00000001
Waste_Time                        
Z                                 00000002
_BOR21V                           00003EFF
_BOR40V                           00003FFF
_BOR4V_BOR21V                     00003EFF
_BOR4V_BOR40V                     00003FFF
_BOREN_NSLEEP                     00003EFF
_BOREN_OFF                        00003CFF
_BOREN_ON                         00003FFF
_BOREN_SBODEN                     00003DFF
_BOR_NSLEEP                       00003EFF
_BOR_OFF                          00003CFF
_BOR_ON                           00003FFF
_BOR_SBODEN                       00003DFF
_CONFIG1                          00002007
_CONFIG2                          00002008
_CPD_OFF                          00003FFF
_CPD_ON                           00003F7F
_CP_OFF                           00003FFF
_CP_ON                            00003FBF
_DEBUG_OFF                        00003FFF
_DEBUG_ON                         00001FFF
_DEVID1                           00002006
_EC_OSC                           00003FFB
_EXTRC                            00003FFF
_EXTRCIO                          00003FFE
_EXTRC_OSC_CLKOUT                 00003FFF
_EXTRC_OSC_NOCLKOUT               00003FFE
_FCMEN_OFF                        000037FF
_FCMEN_ON                         00003FFF
_FOSC_EC                          00003FFB
_FOSC_EXTRC_CLKOUT                00003FFF
_FOSC_EXTRC_NOCLKOUT              00003FFE
_FOSC_HS                          00003FFA
_FOSC_INTRC_CLKOUT                00003FFD
_FOSC_INTRC_NOCLKOUT              00003FFC
_FOSC_LP                          00003FF8
_FOSC_XT                          00003FF9
_HS_OSC                           00003FFA
_IDLOC0                           00002000
_IDLOC1                           00002001
_IDLOC2                           00002002
_IDLOC3                           00002003
_IESO_OFF                         00003BFF
MPASM 5.63  /HOME/BEN/DOCUMENTS/BREADBOARDIN   12-17-2015  16:56:05         PAGE 32


SYMBOL TABLE
  LABEL                             VALUE 

_IESO_ON                          00003FFF
_INTOSC                           00003FFD
_INTOSCIO                         00003FFC
_INTRC_OSC_CLKOUT                 00003FFD
_INTRC_OSC_NOCLKOUT               00003FFC
_LP_OSC                           00003FF8
_LVP_OFF                          00002FFF
_LVP_ON                           00003FFF
_MCLRE_OFF                        00003FDF
_MCLRE_ON                         00003FFF
_PWRTE_OFF                        00003FFF
_PWRTE_ON                         00003FEF
_WDTE_OFF                         00003FF7
_WDTE_ON                          00003FFF
_WDT_OFF                          00003FF7
_WDT_ON                           00003FFF
_WRT_1FOURTH                      00003BFF
_WRT_256                          00003DFF
_WRT_HALF                         000039FF
_WRT_OFF                          00003FFF
_XT_OSC                           00003FF9
__16F883                          00000001
booleans_reg                      00000034
data_index                        00000030
datapoint                         00000037
delay1                            00000045
delay2                            00000046
delay3                            00000047
dig1                              00000040
dig2                              00000041
dig3                              00000042
dig4                              00000043
digSpecial                        00000044
minutes                           0000003F
seconds                           0000003D
t0                                00000020
t1                                00000022
t2                                00000024
t3                                00000026
t4                                00000028
t5                                0000002A
t6                                0000002C
t7                                0000002E
temp                              00000048
time                              00000031
time_counter_H                    00000036
time_counter_L                    00000035
MPASM 5.63  /HOME/BEN/DOCUMENTS/BREADBOARDIN   12-17-2015  16:56:05         PAGE 33


MEMORY USAGE MAP ('X' = Used,  '-' = Unused)


0000 : X---XXXXXXXXX--- XXXXXXXXXXXXXXXX XXXXXXXXXXXXXXXX XXXXXXXXXXXXXXXX
0040 : XXXXXXXXXXXXXXXX XXXXXXXXXXXXXXXX XXXXXXXXXXXXXXXX XXXXXXXXXXXXXXXX
0080 : XXXXXXXXXXXXXXXX XXXXXXXXXXXXXXXX XXXXXXXXXXXXXXXX XXXXXXXXXXXXXXXX
00C0 : XXXXXXXXXXXXXXXX XXXXXXXXXXXXXXXX XXXXXXXXXXXXXXXX XXXXXXXXXXXXXXXX
0100 : XXXXXXXXXXXXXXXX XXXXXXXXXXXXXXXX XXXXXXXXXXXXXXXX XXXXXXXXXXXXXXXX
0140 : XXXXXXXXXXXXXXXX XXXXXXXXXXXXXXXX XXXXXXXXXXXXXXXX XXXXXXXXXXXXXXXX
0180 : XXXXXXXXXXXXXXXX XXXXXXXXXXXXXXXX XXXXXXXXXXXXXXXX XXXXXXXXXXXXXXXX
01C0 : XXXXXXXXXXXXXXXX XXXXXXXXXXXXXXXX XXXXXXXXXXXXXXXX XXXXXXXXXXXXXXXX
0200 : XXXXXXXXXXXXXXXX XXXXXXXXXXXXXXXX XXXXXXXXXXXXXXXX XXXXXXXXXXXXXXXX
0240 : XXXXXXXXXXXXXXXX XXXXXXXXXXXXXXXX XXXXXXXXXXXXXXXX XXXXXXXXXXXXXXXX
0280 : XXXXXXXXXXXXXXXX XXXXXXXXXXXXXXXX XXXXXXXXXXXXXXXX XXXXXXXXXXXXXXXX
02C0 : XXX------------- ---------------- ---------------- ----------------
2000 : -------XX------- ---------------- ---------------- ----------------

All other memory blocks unused.

Program Memory Words Used:   701
Program Memory Words Free:  3395


Errors   :     0
Warnings :     0 reported,    20 suppressed
Messages :     0 reported,    52 suppressed

